<?xml version="1.0" encoding="UTF-8"?>
<!-- Generated by org.testng.reporters.JUnitXMLReporter -->
<testsuite ignored="0" hostname="DESKTOP-1ILKPKO" failures="0" tests="2" name="Default test" time="0.031" errors="0" timestamp="2023-04-01T18:35:38 GMT-04:00">
  <testcase classname="api.test.DataDrivenTests" name="testPostuser" time="0.0">
    <skipped/>
  </testcase> <!-- testPostuser -->
  <testcase classname="api.test.DataDrivenTests" name="testdeleteuser" time="0.0">
    <skipped/>
  </testcase> <!-- testdeleteuser -->
</testsuite> <!-- Default test -->
