<?xml version="1.0" encoding="UTF-8"?>
<testng-results ignored="0" total="4" passed="4" failed="0" skipped="0">
  <reporter-output>
  </reporter-output>
  <suite started-at="2023-05-02T11:55:29 GMT-04:00" name="PetStoreSuite" finished-at="2023-05-02T11:55:32 GMT-04:00" duration-ms="2648">
    <groups>
    </groups>
    <test started-at="2023-05-02T11:55:29 GMT-04:00" name="PetTest" finished-at="2023-05-02T11:55:32 GMT-04:00" duration-ms="2648">
      <class name="api.test.UserTest">
        <test-method is-config="true" signature="setupData()[pri:0, instance:api.test.UserTest@4229bb3f]" started-at="2023-05-02T11:55:29 GMT-04:00" name="setupData" finished-at="2023-05-02T11:55:30 GMT-04:00" duration-ms="519" status="PASS">
          <reporter-output>
          </reporter-output>
        </test-method> <!-- setupData -->
        <test-method signature="mainfirstTest()[pri:1, instance:api.test.UserTest@4229bb3f]" started-at="2023-05-02T11:55:30 GMT-04:00" name="mainfirstTest" finished-at="2023-05-02T11:55:31 GMT-04:00" duration-ms="1322" status="PASS">
          <reporter-output>
          </reporter-output>
        </test-method> <!-- mainfirstTest -->
        <test-method signature="mainsecondTest()[pri:2, instance:api.test.UserTest@4229bb3f]" started-at="2023-05-02T11:55:31 GMT-04:00" name="mainsecondTest" finished-at="2023-05-02T11:55:31 GMT-04:00" duration-ms="189" status="PASS">
          <reporter-output>
          </reporter-output>
        </test-method> <!-- mainsecondTest -->
        <test-method signature="mainthirdTest()[pri:3, instance:api.test.UserTest@4229bb3f]" started-at="2023-05-02T11:55:31 GMT-04:00" name="mainthirdTest" finished-at="2023-05-02T11:55:32 GMT-04:00" duration-ms="172" status="PASS">
          <reporter-output>
          </reporter-output>
        </test-method> <!-- mainthirdTest -->
        <test-method signature="mainfourthTest()[pri:4, instance:api.test.UserTest@4229bb3f]" started-at="2023-05-02T11:55:32 GMT-04:00" name="mainfourthTest" finished-at="2023-05-02T11:55:32 GMT-04:00" duration-ms="212" status="PASS">
          <reporter-output>
          </reporter-output>
        </test-method> <!-- mainfourthTest -->
      </class> <!-- api.test.UserTest -->
    </test> <!-- PetTest -->
  </suite> <!-- PetStoreSuite -->
</testng-results>
