<?xml version="1.0" encoding="UTF-8"?>
<!-- Generated by org.testng.reporters.JUnitXMLReporter -->
<testsuite ignored="0" hostname="DESKTOP-1ILKPKO" failures="0" tests="4" name="PetTest" time="2.648" errors="0" timestamp="2023-05-02T11:55:32 GMT-04:00">
  <testcase classname="api.test.UserTest" name="mainfirstTest" time="1.322"/>
  <testcase classname="api.test.UserTest" name="mainsecondTest" time="0.189"/>
  <testcase classname="api.test.UserTest" name="mainthirdTest" time="0.172"/>
  <testcase classname="api.test.UserTest" name="mainfourthTest" time="0.212"/>
</testsuite> <!-- PetTest -->
